[debug] [2023-12-28T05:00:26.031Z] ----------------------------------------------------------------------
[debug] [2023-12-28T05:00:26.032Z] Command:       /usr/local/bin/node /Users/nasirbarnes/.npm-global/bin/firebase init
[debug] [2023-12-28T05:00:26.033Z] CLI Version:   13.0.2
[debug] [2023-12-28T05:00:26.033Z] Platform:      darwin
[debug] [2023-12-28T05:00:26.033Z] Node Version:  v21.0.0
[debug] [2023-12-28T05:00:26.033Z] Time:          Thu Dec 28 2023 00:00:26 GMT-0500 (Eastern Standard Time)
[debug] [2023-12-28T05:00:26.033Z] ----------------------------------------------------------------------
[debug] 
[debug] [2023-12-28T05:00:26.036Z] > command requires scopes: ["email","openid","https://www.googleapis.com/auth/cloudplatformprojects.readonly","https://www.googleapis.com/auth/firebase","https://www.googleapis.com/auth/cloud-platform"]
[debug] [2023-12-28T05:00:26.036Z] > authorizing via signed-in user (nabarnes43@gmail.com)
[info] 
     ######## #### ########  ######## ########     ###     ######  ########
     ##        ##  ##     ## ##       ##     ##  ##   ##  ##       ##
     ######    ##  ########  ######   ########  #########  ######  ######
     ##        ##  ##    ##  ##       ##     ## ##     ##       ## ##
     ##       #### ##     ## ######## ########  ##     ##  ######  ########

You're about to initialize a Firebase project in this directory:

  /Users/nasirbarnes/firebase-course

[info] 
=== Project Setup
[info] 
[info] First, let's associate this project directory with a Firebase project.
[info] You can create multiple project aliases by running firebase use --add, 
[info] but for now we'll just set up a default project.
[info] 
[debug] [2023-12-28T05:07:11.596Z] >>> [apiv2][query] GET https://firebase.googleapis.com/v1beta1/projects pageSize=100
[debug] [2023-12-28T05:07:12.052Z] <<< [apiv2][status] GET https://firebase.googleapis.com/v1beta1/projects 200
[debug] [2023-12-28T05:07:12.052Z] <<< [apiv2][body] GET https://firebase.googleapis.com/v1beta1/projects [omitted]
[info] i  Using project fir-course-99bf6 (firebase-course) 
[info] 
=== Hosting Setup
[debug] [2023-12-28T05:07:20.330Z] >>> [apiv2][query] GET https://firebase.googleapis.com/v1beta1/projects/fir-course-99bf6 [none]
[debug] [2023-12-28T05:07:20.581Z] <<< [apiv2][status] GET https://firebase.googleapis.com/v1beta1/projects/fir-course-99bf6 200
[debug] [2023-12-28T05:07:20.581Z] <<< [apiv2][body] GET https://firebase.googleapis.com/v1beta1/projects/fir-course-99bf6 {"projectId":"fir-course-99bf6","projectNumber":"986487993038","displayName":"firebase-course","name":"projects/fir-course-99bf6","resources":{"hostingSite":"fir-course-99bf6","storageBucket":"fir-course-99bf6.appspot.com","locationId":"us-central"},"state":"ACTIVE","etag":"1_75215e91-57fb-4fa8-bba9-3138843690c7"}
[info] 
[info] Your public directory is the folder (relative to your project directory) that
[info] will contain Hosting assets to be uploaded with firebase deploy. If you
[info] have a build process for your assets, use your build's output directory.
[info] 
[info] ✔  Wrote public/404.html 
[debug] [2023-12-28T05:08:42.181Z] >>> [apiv2][query] GET https://www.gstatic.com/firebasejs/releases.json [none]
[debug] [2023-12-28T05:08:42.304Z] <<< [apiv2][status] GET https://www.gstatic.com/firebasejs/releases.json 200
[debug] [2023-12-28T05:08:42.304Z] <<< [apiv2][body] GET https://www.gstatic.com/firebasejs/releases.json {"current":{"version":"10.7.1","browserURL":"https://www.gstatic.com/firebasejs/10.7.1/firebase.js","packageURL":"https://www.gstatic.com/firebasejs/10.7.1/firebase.tgz"},"live":{"version":"10.7","browserURL":"https://www.gstatic.com/firebasejs/live/10.7/firebase.js","packageURL":"https://www.gstatic.com/firebasejs/live/10.7/firebase.tgz"},"components":{"analytics":"https://www.gstatic.com/firebasejs/10.7.1/firebase-analytics.js","app":"https://www.gstatic.com/firebasejs/10.7.1/firebase-app.js","app-check":"https://www.gstatic.com/firebasejs/10.7.1/firebase-app-check.js","auth":"https://www.gstatic.com/firebasejs/10.7.1/firebase-auth.js","auth/cordova":"https://www.gstatic.com/firebasejs/10.7.1/firebase-auth/cordova.js","functions":"https://www.gstatic.com/firebasejs/10.7.1/firebase-functions.js","firestore":"https://www.gstatic.com/firebasejs/10.7.1/firebase-firestore.js","firestore/lite":"https://www.gstatic.com/firebasejs/10.7.1/firebase-firestore/lite.js","installations":"https://www.gstatic.com/firebasejs/10.7.1/firebase-installations.js","storage":"https://www.gstatic.com/firebasejs/10.7.1/firebase-storage.js","performance":"https://www.gstatic.com/firebasejs/10.7.1/firebase-performance.js","remote-config":"https://www.gstatic.com/firebasejs/10.7.1/firebase-remote-config.js","messaging":"https://www.gstatic.com/firebasejs/10.7.1/firebase-messaging.js","messaging/sw":"https://www.gstatic.com/firebasejs/10.7.1/firebase-messaging/sw.js","database":"https://www.gstatic.com/firebasejs/10.7.1/firebase-database.js","firestore.memory":"https://www.gstatic.com/firebasejs/10.7.1/firebase-firestore.memory.js"}}
[info] i  Skipping write of public/index.html 
[info] 
[info] i  Detected a .git folder at /Users/nasirbarnes/firebase-course 
[info] i  Authorizing with GitHub to upload your service account to a GitHub repository's secrets store. 
[info] 
[info] Visit this URL on this device to log in:
[info] https://github.com/login/oauth/authorize?client_id=89cf50f02ac6aaed3484&state=696825140&redirect_uri=http%3A%2F%2Flocalhost%3A9005&scope=read%3Auser%20repo%20public_repo
[info] 
[info] Waiting for authentication...
[debug] [2023-12-28T05:08:55.933Z] >>> [apiv2][query] POST https://github.com/login/oauth/access_token [none]
[debug] [2023-12-28T05:08:55.933Z] >>> [apiv2][body] POST https://github.com/login/oauth/access_token [stream]
[debug] [2023-12-28T05:08:56.193Z] <<< [apiv2][status] POST https://github.com/login/oauth/access_token 200
[debug] [2023-12-28T05:08:56.193Z] <<< [apiv2][body] POST https://github.com/login/oauth/access_token {"access_token":"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","token_type":"bearer","scope":"read:user,repo"}
[debug] [2023-12-28T05:08:56.206Z] >>> [apiv2][query] GET https://api.github.com/user [none]
[debug] [2023-12-28T05:08:56.428Z] <<< [apiv2][status] GET https://api.github.com/user 200
[debug] [2023-12-28T05:08:56.428Z] <<< [apiv2][body] GET https://api.github.com/user {"login":"nabarnes43","id":89264306,"node_id":"MDQ6VXNlcjg5MjY0MzA2","avatar_url":"https://avatars.githubusercontent.com/u/89264306?v=4","gravatar_id":"","url":"https://api.github.com/users/nabarnes43","html_url":"https://github.com/nabarnes43","followers_url":"https://api.github.com/users/nabarnes43/followers","following_url":"https://api.github.com/users/nabarnes43/following{/other_user}","gists_url":"https://api.github.com/users/nabarnes43/gists{/gist_id}","starred_url":"https://api.github.com/users/nabarnes43/starred{/owner}{/repo}","subscriptions_url":"https://api.github.com/users/nabarnes43/subscriptions","organizations_url":"https://api.github.com/users/nabarnes43/orgs","repos_url":"https://api.github.com/users/nabarnes43/repos","events_url":"https://api.github.com/users/nabarnes43/events{/privacy}","received_events_url":"https://api.github.com/users/nabarnes43/received_events","type":"User","site_admin":false,"name":null,"company":null,"blog":"","location":null,"email":null,"hireable":null,"bio":null,"twitter_username":null,"public_repos":13,"public_gists":0,"followers":8,"following":6,"created_at":"2021-08-20T14:53:25Z","updated_at":"2023-12-28T05:08:52Z","private_gists":0,"total_private_repos":1,"owned_private_repos":1,"disk_usage":142014,"collaborators":0,"two_factor_authentication":false,"plan":{"name":"free","space":976562499,"collaborators":0,"private_repos":10000}}
[info] 
[info] ✔  Success! Logged into GitHub as nabarnes43 
[info] 
